<?xml version="1.0" encoding="UTF-8"?>
<testng-results skipped="0" failed="0" ignored="0" total="1" passed="1">
  <reporter-output>
  </reporter-output>
  <suite name="Default suite" duration-ms="20809" started-at="2020-11-10T09:28:43Z" finished-at="2020-11-10T09:29:04Z">
    <groups>
    </groups>
    <test name="Default test" duration-ms="20809" started-at="2020-11-10T09:28:43Z" finished-at="2020-11-10T09:29:04Z">
      <class name="collectionns.SingltonTest">
        <test-method status="PASS" signature="setUp()[pri:0, instance:collectionns.SingltonTest@184f6be2]" name="setUp" is-config="true" duration-ms="10548" started-at="2020-11-10T09:28:43Z" finished-at="2020-11-10T09:28:54Z">
          <reporter-output>
          </reporter-output>
        </test-method> <!-- setUp -->
        <test-method status="PASS" signature="testMethod()[pri:0, instance:collectionns.SingltonTest@184f6be2]" name="testMethod" duration-ms="8629" started-at="2020-11-10T09:28:54Z" finished-at="2020-11-10T09:29:02Z">
          <reporter-output>
          </reporter-output>
        </test-method> <!-- testMethod -->
        <test-method status="PASS" signature="term()[pri:0, instance:collectionns.SingltonTest@184f6be2]" name="term" is-config="true" duration-ms="1603" started-at="2020-11-10T09:29:02Z" finished-at="2020-11-10T09:29:04Z">
          <reporter-output>
          </reporter-output>
        </test-method> <!-- term -->
      </class> <!-- collectionns.SingltonTest -->
    </test> <!-- Default test -->
  </suite> <!-- Default suite -->
</testng-results>
